## JPA

1. JPA is a **specification**.
   It only gives rules for storing Java objects in a database.

2. JPA does not work by itself.
   It needs a tool like Hibernate to run.

3. JPA uses annotations like `@Entity` and `@Id`.
   These annotations help map Java classes to database tables.

4. JPA helps avoid direct SQL for basic tasks.
   It makes database work easier in Java.

5. JPA is part of Java standard.
   Many ORM tools follow JPA rules.

---

## Hibernate

1. Hibernate is an **ORM tool**.
   It converts Java objects into database rows.

2. Hibernate is an implementation of JPA.
   It provides actual working code for JPA rules.

3. Hibernate reduces SQL writing.
   Developers can work more with objects instead of queries.

4. Hibernate supports different databases.
   It can work with MySQL, Oracle, PostgreSQL, etc.

5. Hibernate manages database operations.
   It handles save, update, delete, and fetch operations.

---

## Spring Data JPA

1. Spring Data JPA is built on top of JPA.
   It makes database coding easier in Spring Boot.

2. It reduces boilerplate code.
   Developers do not need to write common DAO code.

3. It provides ready-made methods.
   Examples are `save()`, `findById()`, `findAll()`, and `deleteById()`.

4. It uses repositories for database work.
   We create interfaces instead of writing full classes.

5. It works with Hibernate internally.
   Hibernate usually acts as the JPA provider.
